2026-03-07 11:52:49.844  INFO 41224 --- [restartedMain] com.refacFabela.RefacFabelaApplication   : Starting RefacFabelaApplication using Java 1.8.0_202 on sistemas with PID 41224 (D:\Proyectos\Fabela\Backend\refacFabelaBack\refacFabela\target\classes started by pedro in D:\Proyectos\Fabela\Backend\refacFabelaBack\refacFabela)
2026-03-07 11:52:49.847 DEBUG 41224 --- [restartedMain] com.refacFabela.RefacFabelaApplication   : Running with Spring Boot v2.5.5, Spring v5.3.10
2026-03-07 11:52:49.848  INFO 41224 --- [restartedMain] com.refacFabela.RefacFabelaApplication   : No active profile set, falling back to default profiles: default
2026-03-07 11:52:50.346  INFO 41224 --- [restartedMain] .s.d.r.c.RepositoryConfigurationDelegate : Bootstrapping Spring Data JPA repositories in DEFAULT mode.
2026-03-07 11:52:50.584  INFO 41224 --- [restartedMain] .s.d.r.c.RepositoryConfigurationDelegate : Finished Spring Data repository scanning in 237 ms. Found 79 JPA repository interfaces.
2026-03-07 11:52:50.654  INFO 41224 --- [restartedMain] trationDelegate$BeanPostProcessorChecker : Bean 'org.springframework.security.access.expression.method.DefaultMethodSecurityExpressionHandler@1dba9764' of type [org.springframework.security.access.expression.method.DefaultMethodSecurityExpressionHandler] is not eligible for getting processed by all BeanPostProcessors (for example: not eligible for auto-proxying)
2026-03-07 11:52:50.655  INFO 41224 --- [restartedMain] trationDelegate$BeanPostProcessorChecker : Bean 'methodSecurityMetadataSource' of type [org.springframework.security.access.method.DelegatingMethodSecurityMetadataSource] is not eligible for getting processed by all BeanPostProcessors (for example: not eligible for auto-proxying)
2026-03-07 11:52:50.778  INFO 41224 --- [restartedMain] o.s.b.w.embedded.tomcat.TomcatWebServer  : Tomcat initialized with port(s): 4043 (http)
2026-03-07 11:52:50.779  INFO 41224 --- [restartedMain] o.apache.catalina.core.StandardService   : Starting service [Tomcat]
2026-03-07 11:52:50.779  INFO 41224 --- [restartedMain] org.apache.catalina.core.StandardEngine  : Starting Servlet engine: [Apache Tomcat/9.0.53]
2026-03-07 11:52:50.784  INFO 41224 --- [restartedMain] o.a.c.c.C.[.[.[/api/refacFabela]         : Initializing Spring embedded WebApplicationContext
2026-03-07 11:52:50.785  INFO 41224 --- [restartedMain] w.s.c.ServletWebServerApplicationContext : Root WebApplicationContext: initialization completed in 927 ms
2026-03-07 11:52:50.848  WARN 41224 --- [restartedMain] JpaBaseConfiguration$JpaWebConfiguration : spring.jpa.open-in-view is enabled by default. Therefore, database queries may be performed during view rendering. Explicitly configure spring.jpa.open-in-view to disable this warning
2026-03-07 11:52:50.886  INFO 41224 --- [restartedMain] o.hibernate.jpa.internal.util.LogHelper  : HHH000204: Processing PersistenceUnitInfo [name: default]
2026-03-07 11:52:50.897  INFO 41224 --- [restartedMain] com.zaxxer.hikari.HikariDataSource       : HikariPool-6 - Starting...
2026-03-07 11:52:51.064  INFO 41224 --- [restartedMain] com.zaxxer.hikari.HikariDataSource       : HikariPool-6 - Start completed.
2026-03-07 11:52:51.066  INFO 41224 --- [restartedMain] org.hibernate.dialect.Dialect            : HHH000400: Using dialect: org.hibernate.dialect.MySQL5InnoDBDialect
2026-03-07 11:52:51.373  INFO 41224 --- [restartedMain] o.h.e.t.j.p.i.JtaPlatformInitiator       : HHH000490: Using JtaPlatform implementation: [org.hibernate.engine.transaction.jta.platform.internal.NoJtaPlatform]
2026-03-07 11:52:51.380  INFO 41224 --- [restartedMain] j.LocalContainerEntityManagerFactoryBean : Initialized JPA EntityManagerFactory for persistence unit 'default'
2026-03-07 11:52:51.512 DEBUG 41224 --- [restartedMain] com.refacFabela.jwt.JwtTokenFilter       : Filter 'jwtTokenFilter' configured for use
2026-03-07 11:52:51.512 DEBUG 41224 --- [restartedMain] c.r.security.ApiKeyMetaCompraFilter      : Filter 'apiKeyMetaCompraFilter' configured for use
2026-03-07 11:52:52.421 DEBUG 41224 --- [restartedMain] .PrePostAnnotationSecurityMetadataSource : @org.springframework.security.access.prepost.PreAuthorize(value=hasRole('META_COMPRA_READ')) found on specific method: public org.springframework.http.ResponseEntity com.refacFabela.controller.MetaCompraController.porNoParte(java.lang.String)
2026-03-07 11:52:52.422 DEBUG 41224 --- [restartedMain] m.DelegatingMethodSecurityMetadataSource : Caching method [CacheKey[com.refacFabela.controller.MetaCompraController; public org.springframework.http.ResponseEntity com.refacFabela.controller.MetaCompraController.porNoParte(java.lang.String)]] with attributes [[authorize: 'hasRole('META_COMPRA_READ')', filter: 'null', filterTarget: 'null']]
2026-03-07 11:52:52.836  INFO 41224 --- [restartedMain] o.s.b.a.e.web.EndpointLinksResolver      : Exposing 1 endpoint(s) beneath base path '/actuator'
2026-03-07 11:52:52.841 DEBUG 41224 --- [restartedMain] edFilterInvocationSecurityMetadataSource : Adding web access control expression [permitAll] for Ant [pattern='/auth/**']
2026-03-07 11:52:52.841 DEBUG 41224 --- [restartedMain] edFilterInvocationSecurityMetadataSource : Adding web access control expression [permitAll] for Ant [pattern='/verComprobante/**']
2026-03-07 11:52:52.842 DEBUG 41224 --- [restartedMain] edFilterInvocationSecurityMetadataSource : Adding web access control expression [hasRole('ROLE_META_COMPRA_READ')] for Ant [pattern='/meta-compra/**']
2026-03-07 11:52:52.842 DEBUG 41224 --- [restartedMain] edFilterInvocationSecurityMetadataSource : Adding web access control expression [authenticated] for any request
2026-03-07 11:52:52.844  INFO 41224 --- [restartedMain] o.s.s.web.DefaultSecurityFilterChain     : Will secure any request with [org.springframework.security.web.context.request.async.WebAsyncManagerIntegrationFilter@41f813a2, org.springframework.security.web.context.SecurityContextPersistenceFilter@382d4a25, org.springframework.security.web.header.HeaderWriterFilter@5799b444, org.springframework.web.filter.CorsFilter@4409d5c7, org.springframework.security.web.authentication.logout.LogoutFilter@490492f, org.springframework.security.web.savedrequest.RequestCacheAwareFilter@d8c0bc4, org.springframework.security.web.servletapi.SecurityContextHolderAwareRequestFilter@723d668d, com.refacFabela.security.ApiKeyMetaCompraFilter@65f09bd6, com.refacFabela.jwt.JwtTokenFilter@5ffe4008, org.springframework.security.web.authentication.AnonymousAuthenticationFilter@4adc8788, org.springframework.security.web.session.SessionManagementFilter@21f0aae7, org.springframework.security.web.access.ExceptionTranslationFilter@5c49b9ab, org.springframework.security.web.access.intercept.FilterSecurityInterceptor@432d1f14]
2026-03-07 11:52:52.910  INFO 41224 --- [restartedMain] o.s.b.d.a.OptionalLiveReloadServer       : LiveReload server is running on port 35729
2026-03-07 11:52:52.926  INFO 41224 --- [restartedMain] o.s.b.w.embedded.tomcat.TomcatWebServer  : Tomcat started on port(s): 4043 (http) with context path '/api/refacFabela'
2026-03-07 11:52:52.930  INFO 41224 --- [restartedMain] com.refacFabela.RefacFabelaApplication   : Started RefacFabelaApplication in 3.148 seconds (JVM running for 5897.679)
2026-03-07 11:52:52.936  INFO 41224 --- [restartedMain] .ConditionEvaluationDeltaLoggingListener : Condition evaluation delta:


==========================
CONDITION EVALUATION DELTA
==========================


Positive matches:
-----------------

   LogFileWebEndpointAutoConfiguration#logFileWebEndpoint matched:
      - Log File found logging.file.name d:/Proyectos/Fabela/Backend/refacFabelaBack/refacFabela/app-debug.log (LogFileWebEndpointAutoConfiguration.LogFileCondition)
      - @ConditionalOnMissingBean (types: org.springframework.boot.actuate.logging.LogFileWebEndpoint; SearchStrategy: all) did not find any beans (OnBeanCondition)


Negative matches:
-----------------

    None


Exclusions:
-----------

    None


Unconditional classes:
----------------------

    None



2026-03-07 11:53:38.923  INFO 41224 --- [Thread-27] j.LocalContainerEntityManagerFactoryBean : Closing JPA EntityManagerFactory for persistence unit 'default'
2026-03-07 11:53:38.925  INFO 41224 --- [Thread-27] com.zaxxer.hikari.HikariDataSource       : HikariPool-6 - Shutdown initiated...
2026-03-07 11:53:38.929  INFO 41224 --- [Thread-27] com.zaxxer.hikari.HikariDataSource       : HikariPool-6 - Shutdown completed.
2026-03-07 11:53:39.285  INFO 41224 --- [restartedMain] com.refacFabela.RefacFabelaApplication   : Starting RefacFabelaApplication using Java 1.8.0_202 on sistemas with PID 41224 (D:\Proyectos\Fabela\Backend\refacFabelaBack\refacFabela\target\classes started by pedro in D:\Proyectos\Fabela\Backend\refacFabelaBack\refacFabela)
2026-03-07 11:53:39.285 DEBUG 41224 --- [restartedMain] com.refacFabela.RefacFabelaApplication   : Running with Spring Boot v2.5.5, Spring v5.3.10
2026-03-07 11:53:39.286  INFO 41224 --- [restartedMain] com.refacFabela.RefacFabelaApplication   : No active profile set, falling back to default profiles: default
2026-03-07 11:53:39.651  INFO 41224 --- [restartedMain] .s.d.r.c.RepositoryConfigurationDelegate : Bootstrapping Spring Data JPA repositories in DEFAULT mode.
2026-03-07 11:53:39.859  INFO 41224 --- [restartedMain] .s.d.r.c.RepositoryConfigurationDelegate : Finished Spring Data repository scanning in 206 ms. Found 79 JPA repository interfaces.
2026-03-07 11:53:39.910  INFO 41224 --- [restartedMain] trationDelegate$BeanPostProcessorChecker : Bean 'org.springframework.security.access.expression.method.DefaultMethodSecurityExpressionHandler@6db9a5e4' of type [org.springframework.security.access.expression.method.DefaultMethodSecurityExpressionHandler] is not eligible for getting processed by all BeanPostProcessors (for example: not eligible for auto-proxying)
2026-03-07 11:53:39.910  INFO 41224 --- [restartedMain] trationDelegate$BeanPostProcessorChecker : Bean 'methodSecurityMetadataSource' of type [org.springframework.security.access.method.DelegatingMethodSecurityMetadataSource] is not eligible for getting processed by all BeanPostProcessors (for example: not eligible for auto-proxying)
2026-03-07 11:53:39.986  INFO 41224 --- [restartedMain] o.s.b.w.embedded.tomcat.TomcatWebServer  : Tomcat initialized with port(s): 4043 (http)
2026-03-07 11:53:39.986  INFO 41224 --- [restartedMain] o.apache.catalina.core.StandardService   : Starting service [Tomcat]
2026-03-07 11:53:39.987  INFO 41224 --- [restartedMain] org.apache.catalina.core.StandardEngine  : Starting Servlet engine: [Apache Tomcat/9.0.53]
2026-03-07 11:53:39.992  INFO 41224 --- [restartedMain] o.a.c.c.C.[.[.[/api/refacFabela]         : Initializing Spring embedded WebApplicationContext
2026-03-07 11:53:39.993  INFO 41224 --- [restartedMain] w.s.c.ServletWebServerApplicationContext : Root WebApplicationContext: initialization completed in 705 ms
2026-03-07 11:53:40.042  WARN 41224 --- [restartedMain] JpaBaseConfiguration$JpaWebConfiguration : spring.jpa.open-in-view is enabled by default. Therefore, database queries may be performed during view rendering. Explicitly configure spring.jpa.open-in-view to disable this warning
2026-03-07 11:53:40.067  INFO 41224 --- [restartedMain] o.hibernate.jpa.internal.util.LogHelper  : HHH000204: Processing PersistenceUnitInfo [name: default]
2026-03-07 11:53:40.075  INFO 41224 --- [restartedMain] com.zaxxer.hikari.HikariDataSource       : HikariPool-7 - Starting...
2026-03-07 11:53:40.204  INFO 41224 --- [restartedMain] com.zaxxer.hikari.HikariDataSource       : HikariPool-7 - Start completed.
2026-03-07 11:53:40.205  INFO 41224 --- [restartedMain] org.hibernate.dialect.Dialect            : HHH000400: Using dialect: org.hibernate.dialect.MySQL5InnoDBDialect
2026-03-07 11:53:40.488  INFO 41224 --- [restartedMain] o.h.e.t.j.p.i.JtaPlatformInitiator       : HHH000490: Using JtaPlatform implementation: [org.hibernate.engine.transaction.jta.platform.internal.NoJtaPlatform]
2026-03-07 11:53:40.494  INFO 41224 --- [restartedMain] j.LocalContainerEntityManagerFactoryBean : Initialized JPA EntityManagerFactory for persistence unit 'default'
2026-03-07 11:53:40.613 DEBUG 41224 --- [restartedMain] com.refacFabela.jwt.JwtTokenFilter       : Filter 'jwtTokenFilter' configured for use
2026-03-07 11:53:40.613 DEBUG 41224 --- [restartedMain] c.r.security.ApiKeyMetaCompraFilter      : Filter 'apiKeyMetaCompraFilter' configured for use
2026-03-07 11:53:41.666 DEBUG 41224 --- [restartedMain] .PrePostAnnotationSecurityMetadataSource : @org.springframework.security.access.prepost.PreAuthorize(value=hasRole('META_COMPRA_READ')) found on specific method: public org.springframework.http.ResponseEntity com.refacFabela.controller.MetaCompraController.porNoParte(java.lang.String)
2026-03-07 11:53:41.667 DEBUG 41224 --- [restartedMain] m.DelegatingMethodSecurityMetadataSource : Caching method [CacheKey[com.refacFabela.controller.MetaCompraController; public org.springframework.http.ResponseEntity com.refacFabela.controller.MetaCompraController.porNoParte(java.lang.String)]] with attributes [[authorize: 'hasRole('META_COMPRA_READ')', filter: 'null', filterTarget: 'null']]
2026-03-07 11:53:42.099  INFO 41224 --- [restartedMain] o.s.b.a.e.web.EndpointLinksResolver      : Exposing 1 endpoint(s) beneath base path '/actuator'
2026-03-07 11:53:42.107 DEBUG 41224 --- [restartedMain] edFilterInvocationSecurityMetadataSource : Adding web access control expression [permitAll] for Ant [pattern='/auth/**']
2026-03-07 11:53:42.107 DEBUG 41224 --- [restartedMain] edFilterInvocationSecurityMetadataSource : Adding web access control expression [permitAll] for Ant [pattern='/verComprobante/**']
2026-03-07 11:53:42.108 DEBUG 41224 --- [restartedMain] edFilterInvocationSecurityMetadataSource : Adding web access control expression [hasRole('ROLE_META_COMPRA_READ')] for Ant [pattern='/meta-compra/**']
2026-03-07 11:53:42.108 DEBUG 41224 --- [restartedMain] edFilterInvocationSecurityMetadataSource : Adding web access control expression [authenticated] for any request
2026-03-07 11:53:42.109  INFO 41224 --- [restartedMain] o.s.s.web.DefaultSecurityFilterChain     : Will secure any request with [org.springframework.security.web.context.request.async.WebAsyncManagerIntegrationFilter@3c60dc63, org.springframework.security.web.context.SecurityContextPersistenceFilter@13956f4d, org.springframework.security.web.header.HeaderWriterFilter@6c3abb4, org.springframework.web.filter.CorsFilter@12998349, org.springframework.security.web.authentication.logout.LogoutFilter@43587481, org.springframework.security.web.savedrequest.RequestCacheAwareFilter@340858d2, org.springframework.security.web.servletapi.SecurityContextHolderAwareRequestFilter@2f0dcbec, com.refacFabela.security.ApiKeyMetaCompraFilter@61f54074, com.refacFabela.jwt.JwtTokenFilter@4b2deba3, org.springframework.security.web.authentication.AnonymousAuthenticationFilter@4a271260, org.springframework.security.web.session.SessionManagementFilter@4491723, org.springframework.security.web.access.ExceptionTranslationFilter@b458ff2, org.springframework.security.web.access.intercept.FilterSecurityInterceptor@342745db]
2026-03-07 11:53:42.179  INFO 41224 --- [restartedMain] o.s.b.d.a.OptionalLiveReloadServer       : LiveReload server is running on port 35729
2026-03-07 11:53:42.199  INFO 41224 --- [restartedMain] o.s.b.w.embedded.tomcat.TomcatWebServer  : Tomcat started on port(s): 4043 (http) with context path '/api/refacFabela'
2026-03-07 11:53:42.204  INFO 41224 --- [restartedMain] com.refacFabela.RefacFabelaApplication   : Started RefacFabelaApplication in 2.949 seconds (JVM running for 5946.953)
2026-03-07 11:53:42.208  INFO 41224 --- [restartedMain] .ConditionEvaluationDeltaLoggingListener : Condition evaluation unchanged
2026-03-07 11:53:54.270  INFO 41224 --- [Thread-31] j.LocalContainerEntityManagerFactoryBean : Closing JPA EntityManagerFactory for persistence unit 'default'
2026-03-07 11:53:54.271  INFO 41224 --- [Thread-31] com.zaxxer.hikari.HikariDataSource       : HikariPool-7 - Shutdown initiated...
2026-03-07 11:53:54.273  INFO 41224 --- [Thread-31] com.zaxxer.hikari.HikariDataSource       : HikariPool-7 - Shutdown completed.
2026-03-07 11:53:54.620  INFO 41224 --- [restartedMain] com.refacFabela.RefacFabelaApplication   : Starting RefacFabelaApplication using Java 1.8.0_202 on sistemas with PID 41224 (D:\Proyectos\Fabela\Backend\refacFabelaBack\refacFabela\target\classes started by pedro in D:\Proyectos\Fabela\Backend\refacFabelaBack\refacFabela)
2026-03-07 11:53:54.621 DEBUG 41224 --- [restartedMain] com.refacFabela.RefacFabelaApplication   : Running with Spring Boot v2.5.5, Spring v5.3.10
2026-03-07 11:53:54.621  INFO 41224 --- [restartedMain] com.refacFabela.RefacFabelaApplication   : No active profile set, falling back to default profiles: default
2026-03-07 11:53:55.113  INFO 41224 --- [restartedMain] .s.d.r.c.RepositoryConfigurationDelegate : Bootstrapping Spring Data JPA repositories in DEFAULT mode.
2026-03-07 11:53:55.346  INFO 41224 --- [restartedMain] .s.d.r.c.RepositoryConfigurationDelegate : Finished Spring Data repository scanning in 232 ms. Found 79 JPA repository interfaces.
2026-03-07 11:53:55.409  INFO 41224 --- [restartedMain] trationDelegate$BeanPostProcessorChecker : Bean 'org.springframework.security.access.expression.method.DefaultMethodSecurityExpressionHandler@2d871946' of type [org.springframework.security.access.expression.method.DefaultMethodSecurityExpressionHandler] is not eligible for getting processed by all BeanPostProcessors (for example: not eligible for auto-proxying)
2026-03-07 11:53:55.410  INFO 41224 --- [restartedMain] trationDelegate$BeanPostProcessorChecker : Bean 'methodSecurityMetadataSource' of type [org.springframework.security.access.method.DelegatingMethodSecurityMetadataSource] is not eligible for getting processed by all BeanPostProcessors (for example: not eligible for auto-proxying)
2026-03-07 11:53:55.482  INFO 41224 --- [restartedMain] o.s.b.w.embedded.tomcat.TomcatWebServer  : Tomcat initialized with port(s): 4043 (http)
2026-03-07 11:53:55.483  INFO 41224 --- [restartedMain] o.apache.catalina.core.StandardService   : Starting service [Tomcat]
2026-03-07 11:53:55.484  INFO 41224 --- [restartedMain] org.apache.catalina.core.StandardEngine  : Starting Servlet engine: [Apache Tomcat/9.0.53]
2026-03-07 11:53:55.489  INFO 41224 --- [restartedMain] o.a.c.c.C.[.[.[/api/refacFabela]         : Initializing Spring embedded WebApplicationContext
2026-03-07 11:53:55.489  INFO 41224 --- [restartedMain] w.s.c.ServletWebServerApplicationContext : Root WebApplicationContext: initialization completed in 865 ms
2026-03-07 11:53:55.534  WARN 41224 --- [restartedMain] JpaBaseConfiguration$JpaWebConfiguration : spring.jpa.open-in-view is enabled by default. Therefore, database queries may be performed during view rendering. Explicitly configure spring.jpa.open-in-view to disable this warning
2026-03-07 11:53:55.570  INFO 41224 --- [restartedMain] o.hibernate.jpa.internal.util.LogHelper  : HHH000204: Processing PersistenceUnitInfo [name: default]
2026-03-07 11:53:55.578  INFO 41224 --- [restartedMain] com.zaxxer.hikari.HikariDataSource       : HikariPool-8 - Starting...
2026-03-07 11:53:55.710  INFO 41224 --- [restartedMain] com.zaxxer.hikari.HikariDataSource       : HikariPool-8 - Start completed.
2026-03-07 11:53:55.711  INFO 41224 --- [restartedMain] org.hibernate.dialect.Dialect            : HHH000400: Using dialect: org.hibernate.dialect.MySQL5InnoDBDialect
2026-03-07 11:53:55.995  INFO 41224 --- [restartedMain] o.h.e.t.j.p.i.JtaPlatformInitiator       : HHH000490: Using JtaPlatform implementation: [org.hibernate.engine.transaction.jta.platform.internal.NoJtaPlatform]
2026-03-07 11:53:56.005  INFO 41224 --- [restartedMain] j.LocalContainerEntityManagerFactoryBean : Initialized JPA EntityManagerFactory for persistence unit 'default'
2026-03-07 11:53:56.169 DEBUG 41224 --- [restartedMain] com.refacFabela.jwt.JwtTokenFilter       : Filter 'jwtTokenFilter' configured for use
2026-03-07 11:53:56.170 DEBUG 41224 --- [restartedMain] c.r.security.ApiKeyMetaCompraFilter      : Filter 'apiKeyMetaCompraFilter' configured for use
2026-03-07 11:53:57.058 DEBUG 41224 --- [restartedMain] .PrePostAnnotationSecurityMetadataSource : @org.springframework.security.access.prepost.PreAuthorize(value=hasRole('META_COMPRA_READ')) found on specific method: public org.springframework.http.ResponseEntity com.refacFabela.controller.MetaCompraController.porNoParte(java.lang.String)
2026-03-07 11:53:57.059 DEBUG 41224 --- [restartedMain] m.DelegatingMethodSecurityMetadataSource : Caching method [CacheKey[com.refacFabela.controller.MetaCompraController; public org.springframework.http.ResponseEntity com.refacFabela.controller.MetaCompraController.porNoParte(java.lang.String)]] with attributes [[authorize: 'hasRole('META_COMPRA_READ')', filter: 'null', filterTarget: 'null']]
2026-03-07 11:53:57.475  INFO 41224 --- [restartedMain] o.s.b.a.e.web.EndpointLinksResolver      : Exposing 1 endpoint(s) beneath base path '/actuator'
2026-03-07 11:53:57.479 DEBUG 41224 --- [restartedMain] edFilterInvocationSecurityMetadataSource : Adding web access control expression [permitAll] for Ant [pattern='/auth/**']
2026-03-07 11:53:57.480 DEBUG 41224 --- [restartedMain] edFilterInvocationSecurityMetadataSource : Adding web access control expression [permitAll] for Ant [pattern='/verComprobante/**']
2026-03-07 11:53:57.480 DEBUG 41224 --- [restartedMain] edFilterInvocationSecurityMetadataSource : Adding web access control expression [hasRole('ROLE_META_COMPRA_READ')] for Ant [pattern='/meta-compra/**']
2026-03-07 11:53:57.480 DEBUG 41224 --- [restartedMain] edFilterInvocationSecurityMetadataSource : Adding web access control expression [authenticated] for any request
2026-03-07 11:53:57.481  INFO 41224 --- [restartedMain] o.s.s.web.DefaultSecurityFilterChain     : Will secure any request with [org.springframework.security.web.context.request.async.WebAsyncManagerIntegrationFilter@7c1a7cb8, org.springframework.security.web.context.SecurityContextPersistenceFilter@7e1c7617, org.springframework.security.web.header.HeaderWriterFilter@1ab39b6e, org.springframework.web.filter.CorsFilter@5dcfa7f5, org.springframework.security.web.authentication.logout.LogoutFilter@5af77a9e, org.springframework.security.web.savedrequest.RequestCacheAwareFilter@5ef133a0, org.springframework.security.web.servletapi.SecurityContextHolderAwareRequestFilter@589fabfb, com.refacFabela.security.ApiKeyMetaCompraFilter@c9ab316, com.refacFabela.jwt.JwtTokenFilter@4b2ba3ba, org.springframework.security.web.authentication.AnonymousAuthenticationFilter@16a119b3, org.springframework.security.web.session.SessionManagementFilter@b3fea1, org.springframework.security.web.access.ExceptionTranslationFilter@14b69f73, org.springframework.security.web.access.intercept.FilterSecurityInterceptor@4b3a20ee]
2026-03-07 11:53:57.539  INFO 41224 --- [restartedMain] o.s.b.d.a.OptionalLiveReloadServer       : LiveReload server is running on port 35729
2026-03-07 11:53:57.553  INFO 41224 --- [restartedMain] o.s.b.w.embedded.tomcat.TomcatWebServer  : Tomcat started on port(s): 4043 (http) with context path '/api/refacFabela'
2026-03-07 11:53:57.556  INFO 41224 --- [restartedMain] com.refacFabela.RefacFabelaApplication   : Started RefacFabelaApplication in 2.973 seconds (JVM running for 5962.305)
2026-03-07 11:53:57.558  INFO 41224 --- [restartedMain] .ConditionEvaluationDeltaLoggingListener : Condition evaluation unchanged
2026-03-07 11:54:05.387  INFO 41224 --- [Thread-35] j.LocalContainerEntityManagerFactoryBean : Closing JPA EntityManagerFactory for persistence unit 'default'
2026-03-07 11:54:05.388  INFO 41224 --- [Thread-35] com.zaxxer.hikari.HikariDataSource       : HikariPool-8 - Shutdown initiated...
2026-03-07 11:54:05.391  INFO 41224 --- [Thread-35] com.zaxxer.hikari.HikariDataSource       : HikariPool-8 - Shutdown completed.
2026-03-07 11:54:05.649  INFO 41224 --- [restartedMain] com.refacFabela.RefacFabelaApplication   : Starting RefacFabelaApplication using Java 1.8.0_202 on sistemas with PID 41224 (D:\Proyectos\Fabela\Backend\refacFabelaBack\refacFabela\target\classes started by pedro in D:\Proyectos\Fabela\Backend\refacFabelaBack\refacFabela)
2026-03-07 11:54:05.649 DEBUG 41224 --- [restartedMain] com.refacFabela.RefacFabelaApplication   : Running with Spring Boot v2.5.5, Spring v5.3.10
2026-03-07 11:54:05.649  INFO 41224 --- [restartedMain] com.refacFabela.RefacFabelaApplication   : No active profile set, falling back to default profiles: default
2026-03-07 11:54:05.921  INFO 41224 --- [restartedMain] .s.d.r.c.RepositoryConfigurationDelegate : Bootstrapping Spring Data JPA repositories in DEFAULT mode.
2026-03-07 11:54:06.071  INFO 41224 --- [restartedMain] .s.d.r.c.RepositoryConfigurationDelegate : Finished Spring Data repository scanning in 149 ms. Found 79 JPA repository interfaces.
2026-03-07 11:54:06.113  INFO 41224 --- [restartedMain] trationDelegate$BeanPostProcessorChecker : Bean 'org.springframework.security.access.expression.method.DefaultMethodSecurityExpressionHandler@609fc761' of type [org.springframework.security.access.expression.method.DefaultMethodSecurityExpressionHandler] is not eligible for getting processed by all BeanPostProcessors (for example: not eligible for auto-proxying)
2026-03-07 11:54:06.113  INFO 41224 --- [restartedMain] trationDelegate$BeanPostProcessorChecker : Bean 'methodSecurityMetadataSource' of type [org.springframework.security.access.method.DelegatingMethodSecurityMetadataSource] is not eligible for getting processed by all BeanPostProcessors (for example: not eligible for auto-proxying)
2026-03-07 11:54:06.173  INFO 41224 --- [restartedMain] o.s.b.w.embedded.tomcat.TomcatWebServer  : Tomcat initialized with port(s): 4043 (http)
2026-03-07 11:54:06.174  INFO 41224 --- [restartedMain] o.apache.catalina.core.StandardService   : Starting service [Tomcat]
2026-03-07 11:54:06.174  INFO 41224 --- [restartedMain] org.apache.catalina.core.StandardEngine  : Starting Servlet engine: [Apache Tomcat/9.0.53]
2026-03-07 11:54:06.179  INFO 41224 --- [restartedMain] o.a.c.c.C.[.[.[/api/refacFabela]         : Initializing Spring embedded WebApplicationContext
2026-03-07 11:54:06.179  INFO 41224 --- [restartedMain] w.s.c.ServletWebServerApplicationContext : Root WebApplicationContext: initialization completed in 528 ms
2026-03-07 11:54:06.214  WARN 41224 --- [restartedMain] JpaBaseConfiguration$JpaWebConfiguration : spring.jpa.open-in-view is enabled by default. Therefore, database queries may be performed during view rendering. Explicitly configure spring.jpa.open-in-view to disable this warning
2026-03-07 11:54:06.240  INFO 41224 --- [restartedMain] o.hibernate.jpa.internal.util.LogHelper  : HHH000204: Processing PersistenceUnitInfo [name: default]
2026-03-07 11:54:06.246  INFO 41224 --- [restartedMain] com.zaxxer.hikari.HikariDataSource       : HikariPool-9 - Starting...
2026-03-07 11:54:06.380  INFO 41224 --- [restartedMain] com.zaxxer.hikari.HikariDataSource       : HikariPool-9 - Start completed.
2026-03-07 11:54:06.381  INFO 41224 --- [restartedMain] org.hibernate.dialect.Dialect            : HHH000400: Using dialect: org.hibernate.dialect.MySQL5InnoDBDialect
2026-03-07 11:54:06.578  INFO 41224 --- [restartedMain] o.h.e.t.j.p.i.JtaPlatformInitiator       : HHH000490: Using JtaPlatform implementation: [org.hibernate.engine.transaction.jta.platform.internal.NoJtaPlatform]
2026-03-07 11:54:06.583  INFO 41224 --- [restartedMain] j.LocalContainerEntityManagerFactoryBean : Initialized JPA EntityManagerFactory for persistence unit 'default'
2026-03-07 11:54:06.687 DEBUG 41224 --- [restartedMain] com.refacFabela.jwt.JwtTokenFilter       : Filter 'jwtTokenFilter' configured for use
2026-03-07 11:54:06.688 DEBUG 41224 --- [restartedMain] c.r.security.ApiKeyMetaCompraFilter      : Filter 'apiKeyMetaCompraFilter' configured for use
2026-03-07 11:54:07.340 DEBUG 41224 --- [restartedMain] .PrePostAnnotationSecurityMetadataSource : @org.springframework.security.access.prepost.PreAuthorize(value=hasRole('META_COMPRA_READ')) found on specific method: public org.springframework.http.ResponseEntity com.refacFabela.controller.MetaCompraController.porNoParte(java.lang.String)
2026-03-07 11:54:07.340 DEBUG 41224 --- [restartedMain] m.DelegatingMethodSecurityMetadataSource : Caching method [CacheKey[com.refacFabela.controller.MetaCompraController; public org.springframework.http.ResponseEntity com.refacFabela.controller.MetaCompraController.porNoParte(java.lang.String)]] with attributes [[authorize: 'hasRole('META_COMPRA_READ')', filter: 'null', filterTarget: 'null']]
2026-03-07 11:54:07.591  INFO 41224 --- [restartedMain] o.s.b.a.e.web.EndpointLinksResolver      : Exposing 1 endpoint(s) beneath base path '/actuator'
2026-03-07 11:54:07.594 DEBUG 41224 --- [restartedMain] edFilterInvocationSecurityMetadataSource : Adding web access control expression [permitAll] for Ant [pattern='/auth/**']
2026-03-07 11:54:07.595 DEBUG 41224 --- [restartedMain] edFilterInvocationSecurityMetadataSource : Adding web access control expression [permitAll] for Ant [pattern='/verComprobante/**']
2026-03-07 11:54:07.595 DEBUG 41224 --- [restartedMain] edFilterInvocationSecurityMetadataSource : Adding web access control expression [hasRole('ROLE_META_COMPRA_READ')] for Ant [pattern='/meta-compra/**']
2026-03-07 11:54:07.595 DEBUG 41224 --- [restartedMain] edFilterInvocationSecurityMetadataSource : Adding web access control expression [authenticated] for any request
2026-03-07 11:54:07.596  INFO 41224 --- [restartedMain] o.s.s.web.DefaultSecurityFilterChain     : Will secure any request with [org.springframework.security.web.context.request.async.WebAsyncManagerIntegrationFilter@649ad285, org.springframework.security.web.context.SecurityContextPersistenceFilter@34f0f7d9, org.springframework.security.web.header.HeaderWriterFilter@5bf18d01, org.springframework.web.filter.CorsFilter@38248f8, org.springframework.security.web.authentication.logout.LogoutFilter@3a87ab00, org.springframework.security.web.savedrequest.RequestCacheAwareFilter@29eb41d9, org.springframework.security.web.servletapi.SecurityContextHolderAwareRequestFilter@7ea54860, com.refacFabela.security.ApiKeyMetaCompraFilter@4a33c016, com.refacFabela.jwt.JwtTokenFilter@12c7fc6e, org.springframework.security.web.authentication.AnonymousAuthenticationFilter@3acdba20, org.springframework.security.web.session.SessionManagementFilter@4ce7cd9, org.springframework.security.web.access.ExceptionTranslationFilter@26376638, org.springframework.security.web.access.intercept.FilterSecurityInterceptor@7b178147]
2026-03-07 11:54:07.637  INFO 41224 --- [restartedMain] o.s.b.d.a.OptionalLiveReloadServer       : LiveReload server is running on port 35729
2026-03-07 11:54:07.648  INFO 41224 --- [restartedMain] o.s.b.w.embedded.tomcat.TomcatWebServer  : Tomcat started on port(s): 4043 (http) with context path '/api/refacFabela'
2026-03-07 11:54:07.651  INFO 41224 --- [restartedMain] com.refacFabela.RefacFabelaApplication   : Started RefacFabelaApplication in 2.022 seconds (JVM running for 5972.399)
2026-03-07 11:54:07.652  INFO 41224 --- [restartedMain] .ConditionEvaluationDeltaLoggingListener : Condition evaluation unchanged
2026-03-07 11:54:26.125  INFO 44376 --- [restartedMain] com.refacFabela.RefacFabelaApplication   : Starting RefacFabelaApplication using Java 1.8.0_202 on sistemas with PID 44376 (D:\Proyectos\Fabela\Backend\refacFabelaBack\refacFabela\target\classes started by pedro in D:\Proyectos\Fabela\Backend\refacFabelaBack\refacFabela)
2026-03-07 11:54:26.127 DEBUG 44376 --- [restartedMain] com.refacFabela.RefacFabelaApplication   : Running with Spring Boot v2.5.5, Spring v5.3.10
2026-03-07 11:54:26.127  INFO 44376 --- [restartedMain] com.refacFabela.RefacFabelaApplication   : No active profile set, falling back to default profiles: default
2026-03-07 11:54:26.165  INFO 44376 --- [restartedMain] .e.DevToolsPropertyDefaultsPostProcessor : Devtools property defaults active! Set 'spring.devtools.add-properties' to 'false' to disable
2026-03-07 11:54:26.165  INFO 44376 --- [restartedMain] .e.DevToolsPropertyDefaultsPostProcessor : For additional web related logging consider setting the 'logging.level.web' property to 'DEBUG'
2026-03-07 11:54:27.290  INFO 44376 --- [restartedMain] .s.d.r.c.RepositoryConfigurationDelegate : Bootstrapping Spring Data JPA repositories in DEFAULT mode.
2026-03-07 11:54:27.565  INFO 44376 --- [restartedMain] .s.d.r.c.RepositoryConfigurationDelegate : Finished Spring Data repository scanning in 268 ms. Found 79 JPA repository interfaces.
2026-03-07 11:54:27.926  INFO 44376 --- [restartedMain] trationDelegate$BeanPostProcessorChecker : Bean 'org.springframework.security.access.expression.method.DefaultMethodSecurityExpressionHandler@5bfe7acc' of type [org.springframework.security.access.expression.method.DefaultMethodSecurityExpressionHandler] is not eligible for getting processed by all BeanPostProcessors (for example: not eligible for auto-proxying)
2026-03-07 11:54:27.931  INFO 44376 --- [restartedMain] trationDelegate$BeanPostProcessorChecker : Bean 'methodSecurityMetadataSource' of type [org.springframework.security.access.method.DelegatingMethodSecurityMetadataSource] is not eligible for getting processed by all BeanPostProcessors (for example: not eligible for auto-proxying)
2026-03-07 11:54:28.543  INFO 44376 --- [restartedMain] o.s.b.w.embedded.tomcat.TomcatWebServer  : Tomcat initialized with port(s): 4043 (http)
2026-03-07 11:54:28.553  INFO 44376 --- [restartedMain] o.apache.catalina.core.StandardService   : Starting service [Tomcat]
2026-03-07 11:54:28.553  INFO 44376 --- [restartedMain] org.apache.catalina.core.StandardEngine  : Starting Servlet engine: [Apache Tomcat/9.0.53]
2026-03-07 11:54:28.606  INFO 44376 --- [restartedMain] o.a.c.c.C.[.[.[/api/refacFabela]         : Initializing Spring embedded WebApplicationContext
2026-03-07 11:54:28.608  INFO 44376 --- [restartedMain] w.s.c.ServletWebServerApplicationContext : Root WebApplicationContext: initialization completed in 2442 ms
2026-03-07 11:54:28.826  WARN 44376 --- [restartedMain] JpaBaseConfiguration$JpaWebConfiguration : spring.jpa.open-in-view is enabled by default. Therefore, database queries may be performed during view rendering. Explicitly configure spring.jpa.open-in-view to disable this warning
2026-03-07 11:54:29.029  INFO 44376 --- [restartedMain] o.hibernate.jpa.internal.util.LogHelper  : HHH000204: Processing PersistenceUnitInfo [name: default]
2026-03-07 11:54:29.125  INFO 44376 --- [restartedMain] org.hibernate.Version                    : HHH000412: Hibernate ORM core version 5.4.32.Final
2026-03-07 11:54:29.287  INFO 44376 --- [restartedMain] o.hibernate.annotations.common.Version   : HCANN000001: Hibernate Commons Annotations {5.1.2.Final}
2026-03-07 11:54:29.400  INFO 44376 --- [restartedMain] com.zaxxer.hikari.HikariDataSource       : HikariPool-1 - Starting...
2026-03-07 11:54:29.678  INFO 44376 --- [restartedMain] com.zaxxer.hikari.HikariDataSource       : HikariPool-1 - Start completed.
2026-03-07 11:54:29.697  INFO 44376 --- [restartedMain] org.hibernate.dialect.Dialect            : HHH000400: Using dialect: org.hibernate.dialect.MySQL5InnoDBDialect
2026-03-07 11:54:31.044  INFO 44376 --- [restartedMain] o.h.e.t.j.p.i.JtaPlatformInitiator       : HHH000490: Using JtaPlatform implementation: [org.hibernate.engine.transaction.jta.platform.internal.NoJtaPlatform]
2026-03-07 11:54:31.179  INFO 44376 --- [restartedMain] j.LocalContainerEntityManagerFactoryBean : Initialized JPA EntityManagerFactory for persistence unit 'default'
2026-03-07 11:54:31.841 DEBUG 44376 --- [restartedMain] com.refacFabela.jwt.JwtTokenFilter       : Filter 'jwtTokenFilter' configured for use
2026-03-07 11:54:31.842 DEBUG 44376 --- [restartedMain] c.r.security.ApiKeyMetaCompraFilter      : Filter 'apiKeyMetaCompraFilter' configured for use
2026-03-07 11:54:33.806 DEBUG 44376 --- [restartedMain] .PrePostAnnotationSecurityMetadataSource : @org.springframework.security.access.prepost.PreAuthorize(value=hasRole('META_COMPRA_READ')) found on specific method: public org.springframework.http.ResponseEntity com.refacFabela.controller.MetaCompraController.porNoParte(java.lang.String)
2026-03-07 11:54:33.841 DEBUG 44376 --- [restartedMain] m.DelegatingMethodSecurityMetadataSource : Caching method [CacheKey[com.refacFabela.controller.MetaCompraController; public org.springframework.http.ResponseEntity com.refacFabela.controller.MetaCompraController.porNoParte(java.lang.String)]] with attributes [[authorize: 'hasRole('META_COMPRA_READ')', filter: 'null', filterTarget: 'null']]
2026-03-07 11:54:34.625  INFO 44376 --- [restartedMain] o.s.b.a.e.web.EndpointLinksResolver      : Exposing 1 endpoint(s) beneath base path '/actuator'
2026-03-07 11:54:34.640 DEBUG 44376 --- [restartedMain] edFilterInvocationSecurityMetadataSource : Adding web access control expression [permitAll] for Ant [pattern='/auth/**']
2026-03-07 11:54:34.642 DEBUG 44376 --- [restartedMain] edFilterInvocationSecurityMetadataSource : Adding web access control expression [permitAll] for Ant [pattern='/verComprobante/**']
2026-03-07 11:54:34.643 DEBUG 44376 --- [restartedMain] edFilterInvocationSecurityMetadataSource : Adding web access control expression [hasRole('ROLE_META_COMPRA_READ')] for Ant [pattern='/meta-compra/**']
2026-03-07 11:54:34.643 DEBUG 44376 --- [restartedMain] edFilterInvocationSecurityMetadataSource : Adding web access control expression [authenticated] for any request
2026-03-07 11:54:34.646  INFO 44376 --- [restartedMain] o.s.s.web.DefaultSecurityFilterChain     : Will secure any request with [org.springframework.security.web.context.request.async.WebAsyncManagerIntegrationFilter@37b8ec78, org.springframework.security.web.context.SecurityContextPersistenceFilter@44861c58, org.springframework.security.web.header.HeaderWriterFilter@6e6678ce, org.springframework.web.filter.CorsFilter@286c6f74, org.springframework.security.web.authentication.logout.LogoutFilter@3937b038, org.springframework.security.web.savedrequest.RequestCacheAwareFilter@6580907c, org.springframework.security.web.servletapi.SecurityContextHolderAwareRequestFilter@337a975c, com.refacFabela.security.ApiKeyMetaCompraFilter@3d8c49cf, com.refacFabela.jwt.JwtTokenFilter@752857f2, org.springframework.security.web.authentication.AnonymousAuthenticationFilter@171f9a62, org.springframework.security.web.session.SessionManagementFilter@3ee2667a, org.springframework.security.web.access.ExceptionTranslationFilter@6c96e41b, org.springframework.security.web.access.intercept.FilterSecurityInterceptor@5ead5e5c]
2026-03-07 11:54:35.042  INFO 44376 --- [restartedMain] o.s.b.d.a.OptionalLiveReloadServer       : LiveReload server is running on port 35729
2026-03-07 11:54:35.098  INFO 44376 --- [restartedMain] o.s.b.w.embedded.tomcat.TomcatWebServer  : Tomcat started on port(s): 4043 (http) with context path '/api/refacFabela'
2026-03-07 11:54:35.110  INFO 44376 --- [restartedMain] com.refacFabela.RefacFabelaApplication   : Started RefacFabelaApplication in 9.299 seconds (JVM running for 9.925)
2026-03-07 11:54:37.917  INFO 44376 --- [RMI TCP Connection(2)-127.0.0.1] o.a.c.c.C.[.[.[/api/refacFabela]         : Initializing Spring DispatcherServlet 'dispatcherServlet'
2026-03-07 11:54:37.918  INFO 44376 --- [RMI TCP Connection(2)-127.0.0.1] o.s.web.servlet.DispatcherServlet        : Initializing Servlet 'dispatcherServlet'
2026-03-07 11:54:37.920  INFO 44376 --- [RMI TCP Connection(2)-127.0.0.1] o.s.web.servlet.DispatcherServlet        : Completed initialization in 1 ms
2026-03-07 12:03:57.370 DEBUG 44376 --- [http-nio-4043-exec-1] o.s.security.web.FilterChainProxy        : Securing POST /auth/login
2026-03-07 12:03:57.374 DEBUG 44376 --- [http-nio-4043-exec-1] s.s.w.c.SecurityContextPersistenceFilter : Set SecurityContextHolder to empty SecurityContext
2026-03-07 12:03:57.391 DEBUG 44376 --- [http-nio-4043-exec-1] o.s.s.w.a.AnonymousAuthenticationFilter  : Set SecurityContextHolder to anonymous SecurityContext
2026-03-07 12:03:57.397 DEBUG 44376 --- [http-nio-4043-exec-1] o.s.s.w.a.i.FilterSecurityInterceptor    : Authorized filter invocation [POST /auth/login] with attributes [permitAll]
2026-03-07 12:03:57.398 DEBUG 44376 --- [http-nio-4043-exec-1] o.s.security.web.FilterChainProxy        : Secured POST /auth/login
2026-03-07 12:03:57.812 DEBUG 44376 --- [http-nio-4043-exec-1] o.s.s.a.dao.DaoAuthenticationProvider    : Failed to authenticate since password does not match stored value
2026-03-07 12:03:57.819 DEBUG 44376 --- [http-nio-4043-exec-1] s.s.w.c.SecurityContextPersistenceFilter : Cleared SecurityContextHolder to complete request
2026-03-07 12:03:57.826 DEBUG 44376 --- [http-nio-4043-exec-1] o.s.security.web.FilterChainProxy        : Securing POST /error
2026-03-07 12:03:57.826 DEBUG 44376 --- [http-nio-4043-exec-1] s.s.w.c.SecurityContextPersistenceFilter : Set SecurityContextHolder to empty SecurityContext
2026-03-07 12:03:57.826 DEBUG 44376 --- [http-nio-4043-exec-1] o.s.s.w.a.AnonymousAuthenticationFilter  : Set SecurityContextHolder to anonymous SecurityContext
2026-03-07 12:03:57.828 DEBUG 44376 --- [http-nio-4043-exec-1] o.s.security.web.FilterChainProxy        : Secured POST /error
2026-03-07 12:03:57.856 DEBUG 44376 --- [http-nio-4043-exec-1] s.s.w.c.SecurityContextPersistenceFilter : Cleared SecurityContextHolder to complete request
2026-03-07 12:04:05.412 DEBUG 44376 --- [http-nio-4043-exec-2] o.s.security.web.FilterChainProxy        : Securing POST /auth/login
2026-03-07 12:04:05.413 DEBUG 44376 --- [http-nio-4043-exec-2] s.s.w.c.SecurityContextPersistenceFilter : Set SecurityContextHolder to empty SecurityContext
2026-03-07 12:04:05.415 DEBUG 44376 --- [http-nio-4043-exec-2] o.s.s.w.a.AnonymousAuthenticationFilter  : Set SecurityContextHolder to anonymous SecurityContext
2026-03-07 12:04:05.416 DEBUG 44376 --- [http-nio-4043-exec-2] o.s.s.w.a.i.FilterSecurityInterceptor    : Authorized filter invocation [POST /auth/login] with attributes [permitAll]
2026-03-07 12:04:05.416 DEBUG 44376 --- [http-nio-4043-exec-2] o.s.security.web.FilterChainProxy        : Secured POST /auth/login
2026-03-07 12:04:05.578 DEBUG 44376 --- [http-nio-4043-exec-2] o.s.s.a.dao.DaoAuthenticationProvider    : Authenticated user
2026-03-07 12:04:05.724 DEBUG 44376 --- [http-nio-4043-exec-2] s.s.w.c.SecurityContextPersistenceFilter : Cleared SecurityContextHolder to complete request
2026-03-07 12:04:12.006 DEBUG 44376 --- [http-nio-4043-exec-3] o.s.security.web.FilterChainProxy        : Securing GET /facturacion/ventasParaFactura
2026-03-07 12:04:12.006 DEBUG 44376 --- [http-nio-4043-exec-6] o.s.security.web.FilterChainProxy        : Securing GET /facturacion/consultaCreditos?nDatoFactura=2
2026-03-07 12:04:12.006 DEBUG 44376 --- [http-nio-4043-exec-4] o.s.security.web.FilterChainProxy        : Securing GET /catalogoUsoCfdi
2026-03-07 12:04:12.006 DEBUG 44376 --- [http-nio-4043-exec-5] o.s.security.web.FilterChainProxy        : Securing GET /facturacion/consultaCreditos?nDatoFactura=1
2026-03-07 12:04:12.007 DEBUG 44376 --- [http-nio-4043-exec-6] s.s.w.c.SecurityContextPersistenceFilter : Set SecurityContextHolder to empty SecurityContext
2026-03-07 12:04:12.007 DEBUG 44376 --- [http-nio-4043-exec-4] s.s.w.c.SecurityContextPersistenceFilter : Set SecurityContextHolder to empty SecurityContext
2026-03-07 12:04:12.007 DEBUG 44376 --- [http-nio-4043-exec-3] s.s.w.c.SecurityContextPersistenceFilter : Set SecurityContextHolder to empty SecurityContext
2026-03-07 12:04:12.007 DEBUG 44376 --- [http-nio-4043-exec-5] s.s.w.c.SecurityContextPersistenceFilter : Set SecurityContextHolder to empty SecurityContext
2026-03-07 12:04:12.123 DEBUG 44376 --- [http-nio-4043-exec-5] o.s.s.w.a.i.FilterSecurityInterceptor    : Authorized filter invocation [GET /facturacion/consultaCreditos?nDatoFactura=1] with attributes [authenticated]
2026-03-07 12:04:12.124 DEBUG 44376 --- [http-nio-4043-exec-5] o.s.security.web.FilterChainProxy        : Secured GET /facturacion/consultaCreditos?nDatoFactura=1
2026-03-07 12:04:12.135 DEBUG 44376 --- [http-nio-4043-exec-6] o.s.s.w.a.i.FilterSecurityInterceptor    : Authorized filter invocation [GET /facturacion/consultaCreditos?nDatoFactura=2] with attributes [authenticated]
2026-03-07 12:04:12.135 DEBUG 44376 --- [http-nio-4043-exec-4] o.s.s.w.a.i.FilterSecurityInterceptor    : Authorized filter invocation [GET /catalogoUsoCfdi] with attributes [authenticated]
2026-03-07 12:04:12.135 DEBUG 44376 --- [http-nio-4043-exec-3] o.s.s.w.a.i.FilterSecurityInterceptor    : Authorized filter invocation [GET /facturacion/ventasParaFactura] with attributes [authenticated]
2026-03-07 12:04:12.136 DEBUG 44376 --- [http-nio-4043-exec-3] o.s.security.web.FilterChainProxy        : Secured GET /facturacion/ventasParaFactura
2026-03-07 12:04:12.136 DEBUG 44376 --- [http-nio-4043-exec-4] o.s.security.web.FilterChainProxy        : Secured GET /catalogoUsoCfdi
2026-03-07 12:04:12.136 DEBUG 44376 --- [http-nio-4043-exec-6] o.s.security.web.FilterChainProxy        : Secured GET /facturacion/consultaCreditos?nDatoFactura=2
2026-03-07 12:04:12.181 DEBUG 44376 --- [http-nio-4043-exec-4] s.s.w.c.SecurityContextPersistenceFilter : Cleared SecurityContextHolder to complete request
2026-03-07 12:04:12.414 DEBUG 44376 --- [http-nio-4043-exec-5] s.s.w.c.SecurityContextPersistenceFilter : Cleared SecurityContextHolder to complete request
2026-03-07 12:04:12.414 DEBUG 44376 --- [http-nio-4043-exec-6] s.s.w.c.SecurityContextPersistenceFilter : Cleared SecurityContextHolder to complete request
2026-03-07 12:04:12.491 DEBUG 44376 --- [http-nio-4043-exec-7] o.s.security.web.FilterChainProxy        : Securing GET /catalogoUsoCfdi
2026-03-07 12:04:12.491 DEBUG 44376 --- [http-nio-4043-exec-7] s.s.w.c.SecurityContextPersistenceFilter : Set SecurityContextHolder to empty SecurityContext
2026-03-07 12:04:12.573 DEBUG 44376 --- [http-nio-4043-exec-7] o.s.s.w.a.i.FilterSecurityInterceptor    : Authorized filter invocation [GET /catalogoUsoCfdi] with attributes [authenticated]
2026-03-07 12:04:12.574 DEBUG 44376 --- [http-nio-4043-exec-7] o.s.security.web.FilterChainProxy        : Secured GET /catalogoUsoCfdi
2026-03-07 12:04:12.598 DEBUG 44376 --- [http-nio-4043-exec-7] s.s.w.c.SecurityContextPersistenceFilter : Cleared SecurityContextHolder to complete request
2026-03-07 12:04:24.093 DEBUG 44376 --- [http-nio-4043-exec-3] s.s.w.c.SecurityContextPersistenceFilter : Cleared SecurityContextHolder to complete request
